<?xml version="1.0" encoding="UTF-8"?>
<testsuite xmlns:xsi="http://www.w3.org/2001/XMLSchema-instance" xsi:noNamespaceSchemaLocation="https://maven.apache.org/surefire/maven-surefire-plugin/xsd/surefire-test-report-3.0.xsd" version="3.0" name="TestSuite" time="8.286" tests="4" errors="0" skipped="0" failures="1">
  <properties>
    <property name="gopherProxySet" value="false"/>
    <property name="awt.toolkit" value="sun.lwawt.macosx.LWCToolkit"/>
    <property name="file.encoding.pkg" value="sun.io"/>
    <property name="java.specification.version" value="1.8"/>
    <property name="sun.cpu.isalist" value=""/>
    <property name="sun.jnu.encoding" value="UTF-8"/>
    <property name="java.class.path" value="/Users/yogesh/API WorkSpace/RestAssuredAPIFramework/target/test-classes:/Users/yogesh/API WorkSpace/RestAssuredAPIFramework/target/classes:/Users/yogesh/.m2/repository/io/rest-assured/rest-assured/4.4.0/rest-assured-4.4.0.jar:/Users/yogesh/.m2/repository/org/codehaus/groovy/groovy/3.0.8/groovy-3.0.8.jar:/Users/yogesh/.m2/repository/org/codehaus/groovy/groovy-xml/3.0.8/groovy-xml-3.0.8.jar:/Users/yogesh/.m2/repository/org/apache/httpcomponents/httpclient/4.5.13/httpclient-4.5.13.jar:/Users/yogesh/.m2/repository/org/apache/httpcomponents/httpcore/4.4.13/httpcore-4.4.13.jar:/Users/yogesh/.m2/repository/commons-logging/commons-logging/1.2/commons-logging-1.2.jar:/Users/yogesh/.m2/repository/org/apache/httpcomponents/httpmime/4.5.13/httpmime-4.5.13.jar:/Users/yogesh/.m2/repository/org/hamcrest/hamcrest/2.1/hamcrest-2.1.jar:/Users/yogesh/.m2/repository/org/ccil/cowan/tagsoup/tagsoup/1.2.1/tagsoup-1.2.1.jar:/Users/yogesh/.m2/repository/io/rest-assured/json-path/4.4.0/json-path-4.4.0.jar:/Users/yogesh/.m2/repository/org/codehaus/groovy/groovy-json/3.0.8/groovy-json-3.0.8.jar:/Users/yogesh/.m2/repository/io/rest-assured/rest-assured-common/4.4.0/rest-assured-common-4.4.0.jar:/Users/yogesh/.m2/repository/io/rest-assured/xml-path/4.4.0/xml-path-4.4.0.jar:/Users/yogesh/.m2/repository/org/apache/commons/commons-lang3/3.11/commons-lang3-3.11.jar:/Users/yogesh/.m2/repository/jakarta/xml/bind/jakarta.xml.bind-api/2.3.3/jakarta.xml.bind-api-2.3.3.jar:/Users/yogesh/.m2/repository/jakarta/activation/jakarta.activation-api/1.2.2/jakarta.activation-api-1.2.2.jar:/Users/yogesh/.m2/repository/com/sun/xml/bind/jaxb-impl/2.3.3/jaxb-impl-2.3.3.jar:/Users/yogesh/.m2/repository/com/fasterxml/jackson/core/jackson-databind/2.13.0/jackson-databind-2.13.0.jar:/Users/yogesh/.m2/repository/com/fasterxml/jackson/core/jackson-annotations/2.13.0/jackson-annotations-2.13.0.jar:/Users/yogesh/.m2/repository/com/fasterxml/jackson/core/jackson-core/2.13.0/jackson-core-2.13.0.jar:/Users/yogesh/.m2/repository/org/json/json/20210307/json-20210307.jar:/Users/yogesh/.m2/repository/org/testng/testng/7.4.0/testng-7.4.0.jar:/Users/yogesh/.m2/repository/com/beust/jcommander/1.78/jcommander-1.78.jar:/Users/yogesh/.m2/repository/org/webjars/jquery/3.5.1/jquery-3.5.1.jar:/Users/yogesh/.m2/repository/org/apache/poi/poi-ooxml-schemas/4.1.2/poi-ooxml-schemas-4.1.2.jar:/Users/yogesh/.m2/repository/org/apache/poi/poi/4.1.0/poi-4.1.0.jar:/Users/yogesh/.m2/repository/commons-codec/commons-codec/1.12/commons-codec-1.12.jar:/Users/yogesh/.m2/repository/org/apache/commons/commons-collections4/4.3/commons-collections4-4.3.jar:/Users/yogesh/.m2/repository/org/apache/commons/commons-math3/3.6.1/commons-math3-3.6.1.jar:/Users/yogesh/.m2/repository/org/apache/poi/poi-ooxml/4.1.0/poi-ooxml-4.1.0.jar:/Users/yogesh/.m2/repository/org/apache/commons/commons-compress/1.18/commons-compress-1.18.jar:/Users/yogesh/.m2/repository/com/github/virtuald/curvesapi/1.06/curvesapi-1.06.jar:/Users/yogesh/.m2/repository/dom4j/dom4j/1.6.1/dom4j-1.6.1.jar:/Users/yogesh/.m2/repository/xml-apis/xml-apis/1.0.b2/xml-apis-1.0.b2.jar:/Users/yogesh/.m2/repository/org/apache/xmlbeans/xmlbeans/3.1.0/xmlbeans-3.1.0.jar:/Users/yogesh/.m2/repository/com/aventstack/extentreports/4.0.9/extentreports-4.0.9.jar:/Users/yogesh/.m2/repository/org/freemarker/freemarker/2.3.23/freemarker-2.3.23.jar:/Users/yogesh/.m2/repository/org/mongodb/mongodb-driver/3.3.0/mongodb-driver-3.3.0.jar:/Users/yogesh/.m2/repository/org/mongodb/mongodb-driver-core/3.3.0/mongodb-driver-core-3.3.0.jar:/Users/yogesh/.m2/repository/org/mongodb/bson/3.3.0/bson-3.3.0.jar:/Users/yogesh/.m2/repository/com/google/code/gson/gson/2.8.5/gson-2.8.5.jar:/Users/yogesh/.m2/repository/org/apache/maven/plugins/maven-surefire-plugin/3.0.0-M5/maven-surefire-plugin-3.0.0-M5.jar:/Users/yogesh/.m2/repository/org/apache/maven/surefire/maven-surefire-common/3.0.0-M5/maven-surefire-common-3.0.0-M5.jar:/Users/yogesh/.m2/repository/org/apache/maven/surefire/surefire-api/3.0.0-M5/surefire-api-3.0.0-M5.jar:/Users/yogesh/.m2/repository/org/apache/maven/surefire/surefire-logger-api/3.0.0-M5/surefire-logger-api-3.0.0-M5.jar:/Users/yogesh/.m2/repository/org/apache/maven/surefire/surefire-extensions-api/3.0.0-M5/surefire-extensions-api-3.0.0-M5.jar:/Users/yogesh/.m2/repository/org/apache/maven/surefire/surefire-booter/3.0.0-M5/surefire-booter-3.0.0-M5.jar:/Users/yogesh/.m2/repository/org/apache/maven/surefire/surefire-extensions-spi/3.0.0-M5/surefire-extensions-spi-3.0.0-M5.jar:/Users/yogesh/.m2/repository/org/apache/maven/maven-toolchain/3.0-alpha-2/maven-toolchain-3.0-alpha-2.jar:/Users/yogesh/.m2/repository/org/apache/maven/shared/maven-artifact-transfer/0.11.0/maven-artifact-transfer-0.11.0.jar:/Users/yogesh/.m2/repository/org/apache/maven/shared/maven-common-artifact-filters/3.0.1/maven-common-artifact-filters-3.0.1.jar:/Users/yogesh/.m2/repository/org/apache/maven/maven-model/3.0/maven-model-3.0.jar:/Users/yogesh/.m2/repository/org/apache/maven/maven-plugin-api/3.0/maven-plugin-api-3.0.jar:/Users/yogesh/.m2/repository/org/sonatype/sisu/sisu-inject-plexus/1.4.2/sisu-inject-plexus-1.4.2.jar:/Users/yogesh/.m2/repository/org/codehaus/plexus/plexus-classworlds/2.2.3/plexus-classworlds-2.2.3.jar:/Users/yogesh/.m2/repository/org/sonatype/sisu/sisu-inject-bean/1.4.2/sisu-inject-bean-1.4.2.jar:/Users/yogesh/.m2/repository/org/sonatype/sisu/sisu-guice/2.1.7/sisu-guice-2.1.7-noaop.jar:/Users/yogesh/.m2/repository/org/apache/maven/shared/maven-shared-utils/3.1.0/maven-shared-utils-3.1.0.jar:/Users/yogesh/.m2/repository/commons-io/commons-io/2.5/commons-io-2.5.jar:/Users/yogesh/.m2/repository/org/codehaus/plexus/plexus-java/1.0.5/plexus-java-1.0.5.jar:/Users/yogesh/.m2/repository/org/ow2/asm/asm/7.2/asm-7.2.jar:/Users/yogesh/.m2/repository/com/thoughtworks/qdox/qdox/2.0-M9/qdox-2.0-M9.jar:/Users/yogesh/.m2/repository/org/apache/maven/surefire/surefire-shared-utils/3.0.0-M4/surefire-shared-utils-3.0.0-M4.jar:"/>
    <property name="java.vm.vendor" value="Oracle Corporation"/>
    <property name="sun.arch.data.model" value="64"/>
    <property name="java.vendor.url" value="http://java.oracle.com/"/>
    <property name="user.timezone" value="Europe/Berlin"/>
    <property name="java.vm.specification.version" value="1.8"/>
    <property name="os.name" value="Mac OS X"/>
    <property name="user.country" value="IN"/>
    <property name="sun.java.launcher" value="SUN_STANDARD"/>
    <property name="sun.boot.library.path" value="/Library/Java/JavaVirtualMachines/jdk1.8.0_221.jdk/Contents/Home/jre/lib"/>
    <property name="sun.java.command" value="/Users/yogesh/API WorkSpace/RestAssuredAPIFramework/target/surefire/surefirebooter7457278325276552431.jar /Users/yogesh/API WorkSpace/RestAssuredAPIFramework/target/surefire 2021-11-24T22-38-54_546-jvmRun1 surefire4358405802715296140tmp surefire_09215639837909728437tmp"/>
    <property name="http.nonProxyHosts" value="local|*.local|169.254/16|*.169.254/16"/>
    <property name="surefire.test.class.path" value="/Users/yogesh/API WorkSpace/RestAssuredAPIFramework/target/test-classes:/Users/yogesh/API WorkSpace/RestAssuredAPIFramework/target/classes:/Users/yogesh/.m2/repository/io/rest-assured/rest-assured/4.4.0/rest-assured-4.4.0.jar:/Users/yogesh/.m2/repository/org/codehaus/groovy/groovy/3.0.8/groovy-3.0.8.jar:/Users/yogesh/.m2/repository/org/codehaus/groovy/groovy-xml/3.0.8/groovy-xml-3.0.8.jar:/Users/yogesh/.m2/repository/org/apache/httpcomponents/httpclient/4.5.13/httpclient-4.5.13.jar:/Users/yogesh/.m2/repository/org/apache/httpcomponents/httpcore/4.4.13/httpcore-4.4.13.jar:/Users/yogesh/.m2/repository/commons-logging/commons-logging/1.2/commons-logging-1.2.jar:/Users/yogesh/.m2/repository/org/apache/httpcomponents/httpmime/4.5.13/httpmime-4.5.13.jar:/Users/yogesh/.m2/repository/org/hamcrest/hamcrest/2.1/hamcrest-2.1.jar:/Users/yogesh/.m2/repository/org/ccil/cowan/tagsoup/tagsoup/1.2.1/tagsoup-1.2.1.jar:/Users/yogesh/.m2/repository/io/rest-assured/json-path/4.4.0/json-path-4.4.0.jar:/Users/yogesh/.m2/repository/org/codehaus/groovy/groovy-json/3.0.8/groovy-json-3.0.8.jar:/Users/yogesh/.m2/repository/io/rest-assured/rest-assured-common/4.4.0/rest-assured-common-4.4.0.jar:/Users/yogesh/.m2/repository/io/rest-assured/xml-path/4.4.0/xml-path-4.4.0.jar:/Users/yogesh/.m2/repository/org/apache/commons/commons-lang3/3.11/commons-lang3-3.11.jar:/Users/yogesh/.m2/repository/jakarta/xml/bind/jakarta.xml.bind-api/2.3.3/jakarta.xml.bind-api-2.3.3.jar:/Users/yogesh/.m2/repository/jakarta/activation/jakarta.activation-api/1.2.2/jakarta.activation-api-1.2.2.jar:/Users/yogesh/.m2/repository/com/sun/xml/bind/jaxb-impl/2.3.3/jaxb-impl-2.3.3.jar:/Users/yogesh/.m2/repository/com/fasterxml/jackson/core/jackson-databind/2.13.0/jackson-databind-2.13.0.jar:/Users/yogesh/.m2/repository/com/fasterxml/jackson/core/jackson-annotations/2.13.0/jackson-annotations-2.13.0.jar:/Users/yogesh/.m2/repository/com/fasterxml/jackson/core/jackson-core/2.13.0/jackson-core-2.13.0.jar:/Users/yogesh/.m2/repository/org/json/json/20210307/json-20210307.jar:/Users/yogesh/.m2/repository/org/testng/testng/7.4.0/testng-7.4.0.jar:/Users/yogesh/.m2/repository/com/beust/jcommander/1.78/jcommander-1.78.jar:/Users/yogesh/.m2/repository/org/webjars/jquery/3.5.1/jquery-3.5.1.jar:/Users/yogesh/.m2/repository/org/apache/poi/poi-ooxml-schemas/4.1.2/poi-ooxml-schemas-4.1.2.jar:/Users/yogesh/.m2/repository/org/apache/poi/poi/4.1.0/poi-4.1.0.jar:/Users/yogesh/.m2/repository/commons-codec/commons-codec/1.12/commons-codec-1.12.jar:/Users/yogesh/.m2/repository/org/apache/commons/commons-collections4/4.3/commons-collections4-4.3.jar:/Users/yogesh/.m2/repository/org/apache/commons/commons-math3/3.6.1/commons-math3-3.6.1.jar:/Users/yogesh/.m2/repository/org/apache/poi/poi-ooxml/4.1.0/poi-ooxml-4.1.0.jar:/Users/yogesh/.m2/repository/org/apache/commons/commons-compress/1.18/commons-compress-1.18.jar:/Users/yogesh/.m2/repository/com/github/virtuald/curvesapi/1.06/curvesapi-1.06.jar:/Users/yogesh/.m2/repository/dom4j/dom4j/1.6.1/dom4j-1.6.1.jar:/Users/yogesh/.m2/repository/xml-apis/xml-apis/1.0.b2/xml-apis-1.0.b2.jar:/Users/yogesh/.m2/repository/org/apache/xmlbeans/xmlbeans/3.1.0/xmlbeans-3.1.0.jar:/Users/yogesh/.m2/repository/com/aventstack/extentreports/4.0.9/extentreports-4.0.9.jar:/Users/yogesh/.m2/repository/org/freemarker/freemarker/2.3.23/freemarker-2.3.23.jar:/Users/yogesh/.m2/repository/org/mongodb/mongodb-driver/3.3.0/mongodb-driver-3.3.0.jar:/Users/yogesh/.m2/repository/org/mongodb/mongodb-driver-core/3.3.0/mongodb-driver-core-3.3.0.jar:/Users/yogesh/.m2/repository/org/mongodb/bson/3.3.0/bson-3.3.0.jar:/Users/yogesh/.m2/repository/com/google/code/gson/gson/2.8.5/gson-2.8.5.jar:/Users/yogesh/.m2/repository/org/apache/maven/plugins/maven-surefire-plugin/3.0.0-M5/maven-surefire-plugin-3.0.0-M5.jar:/Users/yogesh/.m2/repository/org/apache/maven/surefire/maven-surefire-common/3.0.0-M5/maven-surefire-common-3.0.0-M5.jar:/Users/yogesh/.m2/repository/org/apache/maven/surefire/surefire-api/3.0.0-M5/surefire-api-3.0.0-M5.jar:/Users/yogesh/.m2/repository/org/apache/maven/surefire/surefire-logger-api/3.0.0-M5/surefire-logger-api-3.0.0-M5.jar:/Users/yogesh/.m2/repository/org/apache/maven/surefire/surefire-extensions-api/3.0.0-M5/surefire-extensions-api-3.0.0-M5.jar:/Users/yogesh/.m2/repository/org/apache/maven/surefire/surefire-booter/3.0.0-M5/surefire-booter-3.0.0-M5.jar:/Users/yogesh/.m2/repository/org/apache/maven/surefire/surefire-extensions-spi/3.0.0-M5/surefire-extensions-spi-3.0.0-M5.jar:/Users/yogesh/.m2/repository/org/apache/maven/maven-toolchain/3.0-alpha-2/maven-toolchain-3.0-alpha-2.jar:/Users/yogesh/.m2/repository/org/apache/maven/shared/maven-artifact-transfer/0.11.0/maven-artifact-transfer-0.11.0.jar:/Users/yogesh/.m2/repository/org/apache/maven/shared/maven-common-artifact-filters/3.0.1/maven-common-artifact-filters-3.0.1.jar:/Users/yogesh/.m2/repository/org/apache/maven/maven-model/3.0/maven-model-3.0.jar:/Users/yogesh/.m2/repository/org/apache/maven/maven-plugin-api/3.0/maven-plugin-api-3.0.jar:/Users/yogesh/.m2/repository/org/sonatype/sisu/sisu-inject-plexus/1.4.2/sisu-inject-plexus-1.4.2.jar:/Users/yogesh/.m2/repository/org/codehaus/plexus/plexus-classworlds/2.2.3/plexus-classworlds-2.2.3.jar:/Users/yogesh/.m2/repository/org/sonatype/sisu/sisu-inject-bean/1.4.2/sisu-inject-bean-1.4.2.jar:/Users/yogesh/.m2/repository/org/sonatype/sisu/sisu-guice/2.1.7/sisu-guice-2.1.7-noaop.jar:/Users/yogesh/.m2/repository/org/apache/maven/shared/maven-shared-utils/3.1.0/maven-shared-utils-3.1.0.jar:/Users/yogesh/.m2/repository/commons-io/commons-io/2.5/commons-io-2.5.jar:/Users/yogesh/.m2/repository/org/codehaus/plexus/plexus-java/1.0.5/plexus-java-1.0.5.jar:/Users/yogesh/.m2/repository/org/ow2/asm/asm/7.2/asm-7.2.jar:/Users/yogesh/.m2/repository/com/thoughtworks/qdox/qdox/2.0-M9/qdox-2.0-M9.jar:/Users/yogesh/.m2/repository/org/apache/maven/surefire/surefire-shared-utils/3.0.0-M4/surefire-shared-utils-3.0.0-M4.jar:"/>
    <property name="sun.cpu.endian" value="little"/>
    <property name="user.home" value="/Users/yogesh"/>
    <property name="user.language" value="en"/>
    <property name="java.specification.vendor" value="Oracle Corporation"/>
    <property name="java.home" value="/Library/Java/JavaVirtualMachines/jdk1.8.0_221.jdk/Contents/Home/jre"/>
    <property name="basedir" value="/Users/yogesh/API WorkSpace/RestAssuredAPIFramework"/>
    <property name="file.separator" value="/"/>
    <property name="line.separator" value="&#10;"/>
    <property name="java.vm.specification.vendor" value="Oracle Corporation"/>
    <property name="java.specification.name" value="Java Platform API Specification"/>
    <property name="java.awt.graphicsenv" value="sun.awt.CGraphicsEnvironment"/>
    <property name="surefire.real.class.path" value="/Users/yogesh/API WorkSpace/RestAssuredAPIFramework/target/surefire/surefirebooter7457278325276552431.jar"/>
    <property name="sun.boot.class.path" value="/Library/Java/JavaVirtualMachines/jdk1.8.0_221.jdk/Contents/Home/jre/lib/resources.jar:/Library/Java/JavaVirtualMachines/jdk1.8.0_221.jdk/Contents/Home/jre/lib/rt.jar:/Library/Java/JavaVirtualMachines/jdk1.8.0_221.jdk/Contents/Home/jre/lib/sunrsasign.jar:/Library/Java/JavaVirtualMachines/jdk1.8.0_221.jdk/Contents/Home/jre/lib/jsse.jar:/Library/Java/JavaVirtualMachines/jdk1.8.0_221.jdk/Contents/Home/jre/lib/jce.jar:/Library/Java/JavaVirtualMachines/jdk1.8.0_221.jdk/Contents/Home/jre/lib/charsets.jar:/Library/Java/JavaVirtualMachines/jdk1.8.0_221.jdk/Contents/Home/jre/lib/jfr.jar:/Library/Java/JavaVirtualMachines/jdk1.8.0_221.jdk/Contents/Home/jre/classes"/>
    <property name="sun.management.compiler" value="HotSpot 64-Bit Tiered Compilers"/>
    <property name="ftp.nonProxyHosts" value="local|*.local|169.254/16|*.169.254/16"/>
    <property name="java.runtime.version" value="1.8.0_221-b11"/>
    <property name="user.name" value="yogesh"/>
    <property name="path.separator" value=":"/>
    <property name="os.version" value="10.15.7"/>
    <property name="java.endorsed.dirs" value="/Library/Java/JavaVirtualMachines/jdk1.8.0_221.jdk/Contents/Home/jre/lib/endorsed"/>
    <property name="java.runtime.name" value="Java(TM) SE Runtime Environment"/>
    <property name="file.encoding" value="UTF-8"/>
    <property name="java.vm.name" value="Java HotSpot(TM) 64-Bit Server VM"/>
    <property name="localRepository" value="/Users/yogesh/.m2/repository"/>
    <property name="java.vendor.url.bug" value="http://bugreport.sun.com/bugreport/"/>
    <property name="java.io.tmpdir" value="/var/folders/5h/hggbd1wx1s39z4c5nr0mcx4c0000gn/T/"/>
    <property name="java.version" value="1.8.0_221"/>
    <property name="user.dir" value="/Users/yogesh/API WorkSpace/RestAssuredAPIFramework"/>
    <property name="os.arch" value="x86_64"/>
    <property name="java.vm.specification.name" value="Java Virtual Machine Specification"/>
    <property name="java.awt.printerjob" value="sun.lwawt.macosx.CPrinterJob"/>
    <property name="sun.os.patch.level" value="unknown"/>
    <property name="java.library.path" value="/Users/yogesh/Library/Java/Extensions:/Library/Java/Extensions:/Network/Library/Java/Extensions:/System/Library/Java/Extensions:/usr/lib/java:."/>
    <property name="java.vm.info" value="mixed mode"/>
    <property name="java.vendor" value="Oracle Corporation"/>
    <property name="java.vm.version" value="25.221-b11"/>
    <property name="java.ext.dirs" value="/Users/yogesh/Library/Java/Extensions:/Library/Java/JavaVirtualMachines/jdk1.8.0_221.jdk/Contents/Home/jre/lib/ext:/Library/Java/Extensions:/Network/Library/Java/Extensions:/System/Library/Java/Extensions:/usr/lib/java"/>
    <property name="sun.io.unicode.encoding" value="UnicodeBig"/>
    <property name="java.class.version" value="52.0"/>
    <property name="socksNonProxyHosts" value="local|*.local|169.254/16|*.169.254/16"/>
  </properties>
  <testcase name="validateCreateCustomerAPIWithValidSecretKey[{email=java@way2automation.com, name=Rahul Arora, description=Adding the Second customer in framework}](1)" classname="APITestCases.CreateCustomerPostReqTest" time="3.018">
    <system-out><![CDATA[Total rows are : 1000
Test name is : validateCreateCustomerAPIWithValidSecretKey
Test case starts from row num: 1
Total rows of data are : 3
Total cols are : 3
[[Ljava.lang.Object;@34941170Test,,,,,,,,,,
{
    "id": "cus_KemgXX5nMiULhu",
    "object": "customer",
    "address": null,
    "balance": 0,
    "created": 1637789710,
    "currency": null,
    "default_source": null,
    "delinquent": false,
    "description": "Adding the Second customer in framework",
    "discount": null,
    "email": "java@way2automation.com",
    "invoice_prefix": "749435D3",
    "invoice_settings": {
        "custom_fields": null,
        "default_payment_method": null,
        "footer": null
    },
    "livemode": false,
    "metadata": {
        
    },
    "name": "Rahul Arora",
    "next_invoice_sequence": 1,
    "phone": null,
    "preferred_locales": [
        
    ],
    "shipping": null,
    "sources": {
        "object": "list",
        "data": [
            
        ],
        "has_more": false,
        "total_count": 0,
        "url": "/v1/customers/cus_KemgXX5nMiULhu/sources"
    },
    "subscriptions": {
        "object": "list",
        "data": [
            
        ],
        "has_more": false,
        "total_count": 0,
        "url": "/v1/customers/cus_KemgXX5nMiULhu/subscriptions"
    },
    "tax_exempt": "none",
    "tax_ids": {
        "object": "list",
        "data": [
            
        ],
        "has_more": false,
        "total_count": 0,
        "url": "/v1/customers/cus_KemgXX5nMiULhu/tax_ids"
    }
}
]]></system-out>
  </testcase>
  <testcase name="validateCreateCustomerAPIWithValidSecretKey[{email=corporate@way2automation.com, name=Raman Arora, description=Adding the Third Customer in Framework}](2)" classname="APITestCases.CreateCustomerPostReqTest" time="0.674">
    <system-out><![CDATA[Test,,,,,,,,,,
{
    "id": "cus_Kemge0sWgaRQv9",
    "object": "customer",
    "address": null,
    "balance": 0,
    "created": 1637789711,
    "currency": null,
    "default_source": null,
    "delinquent": false,
    "description": "Adding the Third Customer in Framework",
    "discount": null,
    "email": "corporate@way2automation.com",
    "invoice_prefix": "92A248F2",
    "invoice_settings": {
        "custom_fields": null,
        "default_payment_method": null,
        "footer": null
    },
    "livemode": false,
    "metadata": {
        
    },
    "name": "Raman Arora",
    "next_invoice_sequence": 1,
    "phone": null,
    "preferred_locales": [
        
    ],
    "shipping": null,
    "sources": {
        "object": "list",
        "data": [
            
        ],
        "has_more": false,
        "total_count": 0,
        "url": "/v1/customers/cus_Kemge0sWgaRQv9/sources"
    },
    "subscriptions": {
        "object": "list",
        "data": [
            
        ],
        "has_more": false,
        "total_count": 0,
        "url": "/v1/customers/cus_Kemge0sWgaRQv9/subscriptions"
    },
    "tax_exempt": "none",
    "tax_ids": {
        "object": "list",
        "data": [
            
        ],
        "has_more": false,
        "total_count": 0,
        "url": "/v1/customers/cus_Kemge0sWgaRQv9/tax_ids"
    }
}
]]></system-out>
  </testcase>
  <testcase name="validateCreateCustomerAPIWithValidSecretKey[{email=ishita@way2automation.com, name=Ishita Arora, description=Adding the forth Customer in framework}](3)" classname="APITestCases.CreateCustomerPostReqTest" time="0.609">
    <system-out><![CDATA[Test,,,,,,,,,,
{
    "id": "cus_Kemg24MI6pD30g",
    "object": "customer",
    "address": null,
    "balance": 0,
    "created": 1637789712,
    "currency": null,
    "default_source": null,
    "delinquent": false,
    "description": "Adding the forth Customer in framework",
    "discount": null,
    "email": "ishita@way2automation.com",
    "invoice_prefix": "3507CAFD",
    "invoice_settings": {
        "custom_fields": null,
        "default_payment_method": null,
        "footer": null
    },
    "livemode": false,
    "metadata": {
        
    },
    "name": "Ishita Arora",
    "next_invoice_sequence": 1,
    "phone": null,
    "preferred_locales": [
        
    ],
    "shipping": null,
    "sources": {
        "object": "list",
        "data": [
            
        ],
        "has_more": false,
        "total_count": 0,
        "url": "/v1/customers/cus_Kemg24MI6pD30g/sources"
    },
    "subscriptions": {
        "object": "list",
        "data": [
            
        ],
        "has_more": false,
        "total_count": 0,
        "url": "/v1/customers/cus_Kemg24MI6pD30g/subscriptions"
    },
    "tax_exempt": "none",
    "tax_ids": {
        "object": "list",
        "data": [
            
        ],
        "has_more": false,
        "total_count": 0,
        "url": "/v1/customers/cus_Kemg24MI6pD30g/tax_ids"
    }
}
]]></system-out>
  </testcase>
  <testcase name="deleteCustomer[{id=cus_KefQaEyP6KWsRr}](1)" classname="APITestCases.DeleteCustomerTest" time="0.647">
    <failure message="expected [200] but found [404]" type="java.lang.AssertionError"><![CDATA[java.lang.AssertionError: expected [200] but found [404]
	at APITestCases.DeleteCustomerTest.deleteCustomer(DeleteCustomerTest.java:27)
]]></failure>
    <system-out><![CDATA[Total rows are : 1000
Test name is : deleteCustomer
Test case starts from row num: 11
Total rows of data are : 1
Total cols are : 1
[[Ljava.lang.Object;@288a62c1{
    "error": {
        "code": "resource_missing",
        "doc_url": "https://stripe.com/docs/error-codes/resource-missing",
        "message": "No such customer: 'cus_KefQaEyP6KWsRr'",
        "param": "id",
        "type": "invalid_request_error"
    }
}
]]></system-out>
  </testcase>
</testsuite>