<?xml version="1.0" encoding="UTF-8"?>
<!-- Generated by org.testng.reporters.JUnitReportReporter -->
<testsuite hostname="Yogeshs-MBP" failures="0" tests="3" name="APITestCases.CreateCustomerPostReqTest" time="3.414" errors="0" timestamp="2021-11-24T15:46:11 CET" skipped="0">
  <testcase classname="APITestCases.CreateCustomerPostReqTest" name="validateCreateCustomerAPIWithValidSecretKey" time="2.056"/>
  <system-out/>
  <testcase classname="APITestCases.CreateCustomerPostReqTest" name="validateCreateCustomerAPIWithValidSecretKey" time="0.712"/>
  <system-out/>
  <testcase classname="APITestCases.CreateCustomerPostReqTest" name="validateCreateCustomerAPIWithValidSecretKey" time="0.646"/>
  <system-out/>
</testsuite> <!-- APITestCases.CreateCustomerPostReqTest -->
