<?xml version="1.0" encoding="UTF-8"?>
<!-- Generated by org.testng.reporters.JUnitReportReporter -->
<testsuite hostname="Yogeshs-MBP" failures="0" tests="3" name="utilities.datautil" time="4.054" errors="0" timestamp="2021-11-23T20:45:46 CET" skipped="0">
  <testcase classname="utilities.datautil" name="validateCreateCustomerAPIWithValidSecretKey" time="2.634"/>
  <system-out/>
  <testcase classname="utilities.datautil" name="validateCreateCustomerAPIWithValidSecretKey" time="0.710"/>
  <system-out/>
  <testcase classname="utilities.datautil" name="validateCreateCustomerAPIWithValidSecretKey" time="0.710"/>
  <system-out/>
</testsuite> <!-- utilities.datautil -->
