<?xml version="1.0" encoding="UTF-8"?>
<!-- Generated by org.testng.reporters.JUnitReportReporter -->
<testsuite hostname="Yogeshs-MBP" failures="0" tests="3" name="utilities.DataUtils" time="3.759" errors="0" timestamp="2021-11-24T10:55:40 CET" skipped="0">
  <testcase classname="utilities.DataUtils" name="validateCreateCustomerAPIWithValidSecretKey" time="0.647"/>
  <system-out/>
  <testcase classname="utilities.DataUtils" name="validateCreateCustomerAPIWithValidSecretKey" time="2.485"/>
  <system-out/>
  <testcase classname="utilities.DataUtils" name="validateCreateCustomerAPIWithValidSecretKey" time="0.627"/>
  <system-out/>
</testsuite> <!-- utilities.DataUtils -->
