<?xml version="1.0" encoding="UTF-8"?>
<!-- Generated by org.testng.reporters.JUnitReportReporter -->
<testsuite hostname="Yogeshs-MBP" failures="0" tests="3" name="APITestCases.CreateCustomerPostReq" time="4.097" errors="0" timestamp="2021-11-24T11:55:00 CET" skipped="0">
  <testcase classname="APITestCases.CreateCustomerPostReq" name="validateCreateCustomerAPIWithValidSecretKey" time="1.069"/>
  <system-out/>
  <testcase classname="APITestCases.CreateCustomerPostReq" name="validateCreateCustomerAPIWithValidSecretKey" time="2.317"/>
  <system-out/>
  <testcase classname="APITestCases.CreateCustomerPostReq" name="validateCreateCustomerAPIWithValidSecretKey" time="0.711"/>
  <system-out/>
</testsuite> <!-- APITestCases.CreateCustomerPostReq -->
