<?xml version="1.0" encoding="UTF-8"?>
<!-- Generated by org.testng.reporters.JUnitReportReporter -->
<testsuite skipped="0" hostname="Yogeshs-MBP" name="APITestCases.CreateCustomerPostReqTest" tests="3" failures="0" timestamp="2021-11-24T22:39:03 CET" time="4.291" errors="0">
  <testcase name="validateCreateCustomerAPIWithValidSecretKey" time="3.010" classname="APITestCases.CreateCustomerPostReqTest"/>
  <system-out/>
  <testcase name="validateCreateCustomerAPIWithValidSecretKey" time="0.612" classname="APITestCases.CreateCustomerPostReqTest"/>
  <system-out/>
  <testcase name="validateCreateCustomerAPIWithValidSecretKey" time="0.669" classname="APITestCases.CreateCustomerPostReqTest"/>
  <system-out/>
</testsuite> <!-- APITestCases.CreateCustomerPostReqTest -->
